<?xml version="1.0" encoding="UTF-8"?>
<!-- Generated by org.testng.reporters.JUnitReportReporter -->
<testsuite hostname="user-PC" failures="0" tests="2" name="testcase.SubscriptionTestCase" time="5.095" errors="0" timestamp="2023-04-19T02:58:02 GST" skipped="0">
  <testcase classname="testcase.SubscriptionTestCase" name="SelectCountryOptionValidation" time="4.972"/>
  <system-out/>
  <testcase classname="testcase.SubscriptionTestCase" name="subScriptionPackageValidation" time="0.123"/>
  <system-out/>
</testsuite> <!-- testcase.SubscriptionTestCase -->
